<?xml version="1.0" encoding="UTF-8"?>
<testng-results skipped="0" failed="0" ignored="0" total="1" passed="1">
  <reporter-output>
  </reporter-output>
  <suite name="InetBankingV1" duration-ms="12357" started-at="2020-10-19T22:34:58Z" finished-at="2020-10-19T22:35:10Z">
    <groups>
    </groups>
    <test name="BankingApp Test" duration-ms="12357" started-at="2020-10-19T22:34:58Z" finished-at="2020-10-19T22:35:10Z">
      <class name="com.inetbanking.testCases.TC_LoginTest_001">
        <test-method status="PASS" signature="setup(java.lang.String)[pri:0, instance:com.inetbanking.testCases.TC_LoginTest_001@53b32d7]" name="setup" is-config="true" duration-ms="10749" started-at="2020-10-19T22:34:58Z" finished-at="2020-10-19T22:35:09Z">
          <params>
            <param index="0">
              <value>
                <![CDATA[chrome]]>
              </value>
            </param>
          </params>
          <reporter-output>
          </reporter-output>
        </test-method> <!-- setup -->
        <test-method status="PASS" signature="loginTest()[pri:0, instance:com.inetbanking.testCases.TC_LoginTest_001@53b32d7]" name="loginTest" duration-ms="869" started-at="2020-10-19T22:35:09Z" finished-at="2020-10-19T22:35:10Z">
          <reporter-output>
          </reporter-output>
        </test-method> <!-- loginTest -->
        <test-method status="PASS" signature="tearDown()[pri:0, instance:com.inetbanking.testCases.TC_LoginTest_001@53b32d7]" name="tearDown" is-config="true" duration-ms="609" started-at="2020-10-19T22:35:10Z" finished-at="2020-10-19T22:35:10Z">
          <reporter-output>
          </reporter-output>
        </test-method> <!-- tearDown -->
      </class> <!-- com.inetbanking.testCases.TC_LoginTest_001 -->
    </test> <!-- BankingApp Test -->
  </suite> <!-- InetBankingV1 -->
</testng-results>
